c:\users\moham\onedrive\desktop\software course\airline_reservation_project_test\build\airlinereservationproject.dir\debug\vc143.pdb
c:\users\moham\onedrive\desktop\software course\airline_reservation_project_test\build\airlinereservationproject.dir\debug\menu_handler.obj
c:\users\moham\onedrive\desktop\software course\airline_reservation_project_test\build\airlinereservationproject.dir\debug\maintenance_handler.obj
c:\users\moham\onedrive\desktop\software course\airline_reservation_project_test\build\airlinereservationproject.dir\debug\input_handler.obj
c:\users\moham\onedrive\desktop\software course\airline_reservation_project_test\build\airlinereservationproject.dir\debug\flight_attendants_handler.obj
c:\users\moham\onedrive\desktop\software course\airline_reservation_project_test\build\airlinereservationproject.dir\debug\flight_handler.obj
c:\users\moham\onedrive\desktop\software course\airline_reservation_project_test\build\airlinereservationproject.dir\debug\file_handler.obj
c:\users\moham\onedrive\desktop\software course\airline_reservation_project_test\build\airlinereservationproject.dir\debug\booking_agent_handler.obj
c:\users\moham\onedrive\desktop\software course\airline_reservation_project_test\build\airlinereservationproject.dir\debug\boarding_handler.obj
c:\users\moham\onedrive\desktop\software course\airline_reservation_project_test\build\airlinereservationproject.dir\debug\aircraft_handler.obj
c:\users\moham\onedrive\desktop\software course\airline_reservation_project_test\build\airlinereservationproject.dir\debug\reservation.obj
c:\users\moham\onedrive\desktop\software course\airline_reservation_project_test\build\airlinereservationproject.dir\debug\pilot.obj
c:\users\moham\onedrive\desktop\software course\airline_reservation_project_test\build\airlinereservationproject.dir\debug\payment_method.obj
c:\users\moham\onedrive\desktop\software course\airline_reservation_project_test\build\airlinereservationproject.dir\debug\passenger.obj
c:\users\moham\onedrive\desktop\software course\airline_reservation_project_test\build\airlinereservationproject.dir\debug\maintenance.obj
c:\users\moham\onedrive\desktop\software course\airline_reservation_project_test\build\airlinereservationproject.dir\debug\flight_attendants.obj
c:\users\moham\onedrive\desktop\software course\airline_reservation_project_test\build\airlinereservationproject.dir\debug\flight.obj
c:\users\moham\onedrive\desktop\software course\airline_reservation_project_test\build\airlinereservationproject.dir\debug\entity.obj
c:\users\moham\onedrive\desktop\software course\airline_reservation_project_test\build\airlinereservationproject.dir\debug\booking_agent.obj
c:\users\moham\onedrive\desktop\software course\airline_reservation_project_test\build\airlinereservationproject.dir\debug\boarding.obj
c:\users\moham\onedrive\desktop\software course\airline_reservation_project_test\build\airlinereservationproject.dir\debug\aircraft.obj
c:\users\moham\onedrive\desktop\software course\airline_reservation_project_test\build\airlinereservationproject.dir\debug\reservation_serializer.obj
c:\users\moham\onedrive\desktop\software course\airline_reservation_project_test\build\airlinereservationproject.dir\debug\pilot_serializer.obj
c:\users\moham\onedrive\desktop\software course\airline_reservation_project_test\build\airlinereservationproject.dir\debug\payment_method_serializer.obj
c:\users\moham\onedrive\desktop\software course\airline_reservation_project_test\build\airlinereservationproject.dir\debug\passenger_serializer.obj
c:\users\moham\onedrive\desktop\software course\airline_reservation_project_test\build\airlinereservationproject.dir\debug\maintenance_serializer.obj
c:\users\moham\onedrive\desktop\software course\airline_reservation_project_test\build\airlinereservationproject.dir\debug\flight_attendants_serializer.obj
c:\users\moham\onedrive\desktop\software course\airline_reservation_project_test\build\airlinereservationproject.dir\debug\flight_serializer.obj
c:\users\moham\onedrive\desktop\software course\airline_reservation_project_test\build\airlinereservationproject.dir\debug\booking_agent_serializer.obj
c:\users\moham\onedrive\desktop\software course\airline_reservation_project_test\build\airlinereservationproject.dir\debug\boarding_serializer.obj
c:\users\moham\onedrive\desktop\software course\airline_reservation_project_test\build\airlinereservationproject.dir\debug\aircraft_serializer.obj
c:\users\moham\onedrive\desktop\software course\airline_reservation_project_test\build\airlinereservationproject.dir\debug\main.obj
c:\users\moham\onedrive\desktop\software course\airline_reservation_project_test\build\airlinereservationproject.dir\debug\passenger_menus.obj
c:\users\moham\onedrive\desktop\software course\airline_reservation_project_test\build\airlinereservationproject.dir\debug\menu.obj
c:\users\moham\onedrive\desktop\software course\airline_reservation_project_test\build\airlinereservationproject.dir\debug\booking_agent_menus.obj
c:\users\moham\onedrive\desktop\software course\airline_reservation_project_test\build\airlinereservationproject.dir\debug\admin_menus.obj
c:\users\moham\onedrive\desktop\software course\airline_reservation_project_test\build\airlinereservationproject.dir\debug\reservation_handler.obj
c:\users\moham\onedrive\desktop\software course\airline_reservation_project_test\build\airlinereservationproject.dir\debug\pilot_handler.obj
c:\users\moham\onedrive\desktop\software course\airline_reservation_project_test\build\airlinereservationproject.dir\debug\payment_method_handler.obj
c:\users\moham\onedrive\desktop\software course\airline_reservation_project_test\build\airlinereservationproject.dir\debug\passenger_handler.obj
c:\users\moham\onedrive\desktop\software course\airline_reservation_project_test\build\airlinereservationproject.dir\debug\wrapper.obj
c:\users\moham\onedrive\desktop\software course\airline_reservation_project_test\build\airlinereservationproject.dir\debug\crypt_gensalt.obj
c:\users\moham\onedrive\desktop\software course\airline_reservation_project_test\build\airlinereservationproject.dir\debug\crypt_blowfish.obj
c:\users\moham\onedrive\desktop\software course\airline_reservation_project_test\build\airlinereservationproject.dir\debug\bcrypt.obj
c:\users\moham\onedrive\desktop\software course\airline_reservation_project_test\build\cmakefiles\generate.stamp
c:\users\moham\onedrive\desktop\software course\airline_reservation_project_test\build\debug\airlinereservationproject.exe
c:\users\moham\onedrive\desktop\software course\airline_reservation_project_test\build\debug\airlinereservationproject.pdb
c:\users\moham\onedrive\desktop\software course\airline_reservation_project_test\build\airlinereservationproject.dir\debug\airlinereservationproject.ilk
c:\users\moham\onedrive\desktop\software course\airline_reservation_project_test\build\airlinereservationproject.dir\debug\airliner.ac82bf6f.tlog\cl.command.1.tlog
c:\users\moham\onedrive\desktop\software course\airline_reservation_project_test\build\airlinereservationproject.dir\debug\airliner.ac82bf6f.tlog\cl.items.tlog
c:\users\moham\onedrive\desktop\software course\airline_reservation_project_test\build\airlinereservationproject.dir\debug\airliner.ac82bf6f.tlog\cl.read.1.tlog
c:\users\moham\onedrive\desktop\software course\airline_reservation_project_test\build\airlinereservationproject.dir\debug\airliner.ac82bf6f.tlog\cl.write.1.tlog
c:\users\moham\onedrive\desktop\software course\airline_reservation_project_test\build\airlinereservationproject.dir\debug\airliner.ac82bf6f.tlog\custombuild.command.1.tlog
c:\users\moham\onedrive\desktop\software course\airline_reservation_project_test\build\airlinereservationproject.dir\debug\airliner.ac82bf6f.tlog\custombuild.read.1.tlog
c:\users\moham\onedrive\desktop\software course\airline_reservation_project_test\build\airlinereservationproject.dir\debug\airliner.ac82bf6f.tlog\custombuild.write.1.tlog
c:\users\moham\onedrive\desktop\software course\airline_reservation_project_test\build\airlinereservationproject.dir\debug\airliner.ac82bf6f.tlog\link.command.1.tlog
c:\users\moham\onedrive\desktop\software course\airline_reservation_project_test\build\airlinereservationproject.dir\debug\airliner.ac82bf6f.tlog\link.read.1.tlog
c:\users\moham\onedrive\desktop\software course\airline_reservation_project_test\build\airlinereservationproject.dir\debug\airliner.ac82bf6f.tlog\link.secondary.1.tlog
c:\users\moham\onedrive\desktop\software course\airline_reservation_project_test\build\airlinereservationproject.dir\debug\airliner.ac82bf6f.tlog\link.write.1.tlog
